#
# There is insufficient memory for the Java Runtime Environment to continue.
# Native memory allocation (mmap) failed to map 357564416 bytes for committing reserved memory.
# Possible reasons:
#   The system is out of physical RAM or swap space
#   The process is running with CompressedOops enabled, and the Java Heap may be blocking the growth of the native heap
# Possible solutions:
#   Reduce memory load on the system
#   Increase physical memory or swap space
#   Check if swap backing store is full
#   Decrease Java heap size (-Xmx/-Xms)
#   Decrease number of Java threads
#   Decrease Java thread stack sizes (-Xss)
#   Set larger code cache with -XX:ReservedCodeCacheSize=
# This output file may be truncated or incomplete.
#
#  Out of Memory Error (os_linux.cpp:2749), pid=24956, tid=0x00007f24909a1700
#
# JRE version:  (8.0_202-b08) (build )
# Java VM: Java HotSpot(TM) 64-Bit Server VM (25.202-b08 mixed mode linux-amd64 compressed oops)
# Failed to write core dump. Core dumps have been disabled. To enable core dumping, try "ulimit -c unlimited" before starting Java again
#

---------------  T H R E A D  ---------------

Current thread (0x00007f248c00b800):  JavaThread "Unknown thread" [_thread_in_vm, id=25026, stack(0x00007f24905a2000,0x00007f24909a2000)]

Stack: [0x00007f24905a2000,0x00007f24909a2000],  sp=0x00007f24909a0580,  free space=4089k
Native frames: (J=compiled Java code, j=interpreted, Vv=VM code, C=native code)
V  [libjvm.so+0xad33a5]  VMError::report_and_die()+0x2e5
V  [libjvm.so+0x4e04c7]  report_vm_out_of_memory(char const*, int, unsigned long, VMErrorType, char const*)+0x67
V  [libjvm.so+0x910290]  os::pd_commit_memory(char*, unsigned long, unsigned long, bool)+0x100
V  [libjvm.so+0x9078bf]  os::commit_memory(char*, unsigned long, unsigned long, bool)+0x1f
V  [libjvm.so+0x98c686]  PSVirtualSpace::expand_by(unsigned long)+0x56
V  [libjvm.so+0x98e5a6]  PSYoungGen::initialize(ReservedSpace, unsigned long)+0x96
V  [libjvm.so+0x2bcf94]  AdjoiningGenerations::AdjoiningGenerations(ReservedSpace, GenerationSizer*, unsigned long)+0x2c4
V  [libjvm.so+0x93abb2]  ParallelScavengeHeap::initialize()+0x222
V  [libjvm.so+0xa96fca]  Universe::initialize_heap()+0x16a
V  [libjvm.so+0xa972b3]  universe_init()+0x33
V  [libjvm.so+0x632110]  init_globals()+0x50
V  [libjvm.so+0xa799e9]  Threads::create_vm(JavaVMInitArgs*, bool*)+0x409
V  [libjvm.so+0x6d7c8f]  JNI_CreateJavaVM+0x4f
C  [libjli.so+0x7ee4]  JavaMain+0x84
C  [libpthread.so.0+0x9609]  start_thread+0xd9


---------------  P R O C E S S  ---------------

Java Threads: ( => current thread )

Other Threads:

=>0x00007f248c00b800 (exited) JavaThread "Unknown thread" [_thread_in_vm, id=25026, stack(0x00007f24905a2000,0x00007f24909a2000)]

VM state:not at safepoint (not fully initialized)

VM Mutex/Monitor currently owned by a thread: None

heap address: 0x00000000c0000000, size: 1024 MB, Compressed Oops mode: Non-zero based:0x00000000bffff000
Narrow klass base: 0x0000000000000000, Narrow klass shift: 0

GC Heap History (0 events):
No events

Deoptimization events (0 events):
No events

Classes redefined (0 events):
No events

Internal exceptions (0 events):
No events

Events (0 events):
No events


Dynamic libraries:
00400000-00401000 r-xp 00000000 fd:01 28711914                           /usr/lib/jvm/jdk1.8.0_202/bin/java
00600000-00601000 r--p 00000000 fd:01 28711914                           /usr/lib/jvm/jdk1.8.0_202/bin/java
00601000-00602000 rw-p 00001000 fd:01 28711914                           /usr/lib/jvm/jdk1.8.0_202/bin/java
02045000-02066000 rw-p 00000000 00:00 0                                  [heap]
c0000000-eab00000 ---p 00000000 00:00 0 
7f2483846000-7f24839e3000 rw-p 00000000 00:00 0 
7f24839e3000-7f2483be3000 ---p 00000000 00:00 0 
7f2483be3000-7f2483bee000 rw-p 00000000 00:00 0 
7f2483bee000-7f2483de4000 ---p 00000000 00:00 0 
7f2483de4000-7f2484054000 rwxp 00000000 00:00 0 
7f2484054000-7f248bde4000 ---p 00000000 00:00 0 
7f248bde4000-7f248bdff000 r-xp 00000000 fd:01 28836080                   /usr/lib/jvm/jdk1.8.0_202/jre/lib/amd64/libzip.so
7f248bdff000-7f248bffe000 ---p 0001b000 fd:01 28836080                   /usr/lib/jvm/jdk1.8.0_202/jre/lib/amd64/libzip.so
7f248bffe000-7f248bfff000 r--p 0001a000 fd:01 28836080                   /usr/lib/jvm/jdk1.8.0_202/jre/lib/amd64/libzip.so
7f248bfff000-7f248c000000 rw-p 0001b000 fd:01 28836080                   /usr/lib/jvm/jdk1.8.0_202/jre/lib/amd64/libzip.so
7f248c000000-7f248c035000 rw-p 00000000 00:00 0 
7f248c035000-7f2490000000 ---p 00000000 00:00 0 
7f2490013000-7f249010b000 rw-p 00000000 00:00 0 
7f249010b000-7f249010e000 r--p 00000000 fd:01 20710071                   /lib/x86_64-linux-gnu/libnss_files-2.31.so
7f249010e000-7f2490115000 r-xp 00003000 fd:01 20710071                   /lib/x86_64-linux-gnu/libnss_files-2.31.so
7f2490115000-7f2490117000 r--p 0000a000 fd:01 20710071                   /lib/x86_64-linux-gnu/libnss_files-2.31.so
7f2490117000-7f2490118000 r--p 0000b000 fd:01 20710071                   /lib/x86_64-linux-gnu/libnss_files-2.31.so
7f2490118000-7f2490119000 rw-p 0000c000 fd:01 20710071                   /lib/x86_64-linux-gnu/libnss_files-2.31.so
7f2490119000-7f249011f000 rw-p 00000000 00:00 0 
7f249011f000-7f2490124000 r--p 00000000 fd:01 20710065                   /lib/x86_64-linux-gnu/libnsl-2.31.so
7f2490124000-7f2490134000 r-xp 00005000 fd:01 20710065                   /lib/x86_64-linux-gnu/libnsl-2.31.so
7f2490134000-7f2490138000 r--p 00015000 fd:01 20710065                   /lib/x86_64-linux-gnu/libnsl-2.31.so
7f2490138000-7f2490139000 r--p 00018000 fd:01 20710065                   /lib/x86_64-linux-gnu/libnsl-2.31.so
7f2490139000-7f249013a000 rw-p 00019000 fd:01 20710065                   /lib/x86_64-linux-gnu/libnsl-2.31.so
7f249013a000-7f249013c000 rw-p 00000000 00:00 0 
7f2490151000-7f2490159000 rw-s 00000000 fd:01 4457313                    /tmp/hsperfdata_ddcwls/24956
7f2490159000-7f2490185000 r-xp 00000000 fd:01 28836074                   /usr/lib/jvm/jdk1.8.0_202/jre/lib/amd64/libjava.so
7f2490185000-7f2490384000 ---p 0002c000 fd:01 28836074                   /usr/lib/jvm/jdk1.8.0_202/jre/lib/amd64/libjava.so
7f2490384000-7f2490385000 r--p 0002b000 fd:01 28836074                   /usr/lib/jvm/jdk1.8.0_202/jre/lib/amd64/libjava.so
7f2490385000-7f2490387000 rw-p 0002c000 fd:01 28836074                   /usr/lib/jvm/jdk1.8.0_202/jre/lib/amd64/libjava.so
7f2490387000-7f2490394000 r-xp 00000000 fd:01 28836079                   /usr/lib/jvm/jdk1.8.0_202/jre/lib/amd64/libverify.so
7f2490394000-7f2490593000 ---p 0000d000 fd:01 28836079                   /usr/lib/jvm/jdk1.8.0_202/jre/lib/amd64/libverify.so
7f2490593000-7f2490595000 r--p 0000c000 fd:01 28836079                   /usr/lib/jvm/jdk1.8.0_202/jre/lib/amd64/libverify.so
7f2490595000-7f2490596000 rw-p 0000e000 fd:01 28836079                   /usr/lib/jvm/jdk1.8.0_202/jre/lib/amd64/libverify.so
7f2490596000-7f2490599000 r--p 00000000 fd:01 20710084                   /lib/x86_64-linux-gnu/librt-2.31.so
7f2490599000-7f249059d000 r-xp 00003000 fd:01 20710084                   /lib/x86_64-linux-gnu/librt-2.31.so
7f249059d000-7f249059e000 r--p 00007000 fd:01 20710084                   /lib/x86_64-linux-gnu/librt-2.31.so
7f249059e000-7f249059f000 ---p 00008000 fd:01 20710084                   /lib/x86_64-linux-gnu/librt-2.31.so
7f249059f000-7f24905a0000 r--p 00008000 fd:01 20710084                   /lib/x86_64-linux-gnu/librt-2.31.so
7f24905a0000-7f24905a1000 rw-p 00009000 fd:01 20710084                   /lib/x86_64-linux-gnu/librt-2.31.so
7f24905a1000-7f24905a2000 ---p 00000000 00:00 0 
7f24905a2000-7f24905a5000 ---p 00000000 00:00 0 
7f24905a5000-7f24909a2000 rw-p 00000000 00:00 0 
7f24909a2000-7f24909b1000 r--p 00000000 fd:01 20709999                   /lib/x86_64-linux-gnu/libm-2.31.so
7f24909b1000-7f2490a58000 r-xp 0000f000 fd:01 20709999                   /lib/x86_64-linux-gnu/libm-2.31.so
7f2490a58000-7f2490aef000 r--p 000b6000 fd:01 20709999                   /lib/x86_64-linux-gnu/libm-2.31.so
7f2490aef000-7f2490af0000 r--p 0014c000 fd:01 20709999                   /lib/x86_64-linux-gnu/libm-2.31.so
7f2490af0000-7f2490af1000 rw-p 0014d000 fd:01 20709999                   /lib/x86_64-linux-gnu/libm-2.31.so
7f2490af1000-7f24917d9000 r-xp 00000000 fd:01 28836055                   /usr/lib/jvm/jdk1.8.0_202/jre/lib/amd64/server/libjvm.so
7f24917d9000-7f24919d8000 ---p 00ce8000 fd:01 28836055                   /usr/lib/jvm/jdk1.8.0_202/jre/lib/amd64/server/libjvm.so
7f24919d8000-7f2491a6e000 r--p 00ce7000 fd:01 28836055                   /usr/lib/jvm/jdk1.8.0_202/jre/lib/amd64/server/libjvm.so
7f2491a6e000-7f2491a9f000 rw-p 00d7d000 fd:01 28836055                   /usr/lib/jvm/jdk1.8.0_202/jre/lib/amd64/server/libjvm.so
7f2491a9f000-7f2491adc000 rw-p 00000000 00:00 0 
7f2491adc000-7f2491b01000 r--p 00000000 fd:01 20709975                   /lib/x86_64-linux-gnu/libc-2.31.so
7f2491b01000-7f2491c79000 r-xp 00025000 fd:01 20709975                   /lib/x86_64-linux-gnu/libc-2.31.so
7f2491c79000-7f2491cc3000 r--p 0019d000 fd:01 20709975                   /lib/x86_64-linux-gnu/libc-2.31.so
7f2491cc3000-7f2491cc4000 ---p 001e7000 fd:01 20709975                   /lib/x86_64-linux-gnu/libc-2.31.so
7f2491cc4000-7f2491cc7000 r--p 001e7000 fd:01 20709975                   /lib/x86_64-linux-gnu/libc-2.31.so
7f2491cc7000-7f2491cca000 rw-p 001ea000 fd:01 20709975                   /lib/x86_64-linux-gnu/libc-2.31.so
7f2491cca000-7f2491cce000 rw-p 00000000 00:00 0 
7f2491cce000-7f2491ccf000 r--p 00000000 fd:01 20709978                   /lib/x86_64-linux-gnu/libdl-2.31.so
7f2491ccf000-7f2491cd1000 r-xp 00001000 fd:01 20709978                   /lib/x86_64-linux-gnu/libdl-2.31.so
7f2491cd1000-7f2491cd2000 r--p 00003000 fd:01 20709978                   /lib/x86_64-linux-gnu/libdl-2.31.so
7f2491cd2000-7f2491cd3000 r--p 00003000 fd:01 20709978                   /lib/x86_64-linux-gnu/libdl-2.31.so
7f2491cd3000-7f2491cd4000 rw-p 00004000 fd:01 20709978                   /lib/x86_64-linux-gnu/libdl-2.31.so
7f2491cd4000-7f2491ceb000 r-xp 00000000 fd:01 28713276                   /usr/lib/jvm/jdk1.8.0_202/lib/amd64/jli/libjli.so
7f2491ceb000-7f2491eea000 ---p 00017000 fd:01 28713276                   /usr/lib/jvm/jdk1.8.0_202/lib/amd64/jli/libjli.so
7f2491eea000-7f2491eeb000 r--p 00016000 fd:01 28713276                   /usr/lib/jvm/jdk1.8.0_202/lib/amd64/jli/libjli.so
7f2491eeb000-7f2491eec000 rw-p 00017000 fd:01 28713276                   /usr/lib/jvm/jdk1.8.0_202/lib/amd64/jli/libjli.so
7f2491eec000-7f2491ef3000 r--p 00000000 fd:01 20710081                   /lib/x86_64-linux-gnu/libpthread-2.31.so
7f2491ef3000-7f2491f04000 r-xp 00007000 fd:01 20710081                   /lib/x86_64-linux-gnu/libpthread-2.31.so
7f2491f04000-7f2491f09000 r--p 00018000 fd:01 20710081                   /lib/x86_64-linux-gnu/libpthread-2.31.so
7f2491f09000-7f2491f0a000 r--p 0001c000 fd:01 20710081                   /lib/x86_64-linux-gnu/libpthread-2.31.so
7f2491f0a000-7f2491f0b000 rw-p 0001d000 fd:01 20710081                   /lib/x86_64-linux-gnu/libpthread-2.31.so
7f2491f0b000-7f2491f11000 rw-p 00000000 00:00 0 
7f2491f12000-7f2491f15000 r--p 00000000 fd:01 20710075                   /lib/x86_64-linux-gnu/libnss_nis-2.31.so
7f2491f15000-7f2491f1d000 r-xp 00003000 fd:01 20710075                   /lib/x86_64-linux-gnu/libnss_nis-2.31.so
7f2491f1d000-7f2491f1f000 r--p 0000b000 fd:01 20710075                   /lib/x86_64-linux-gnu/libnss_nis-2.31.so
7f2491f1f000-7f2491f20000 r--p 0000c000 fd:01 20710075                   /lib/x86_64-linux-gnu/libnss_nis-2.31.so
7f2491f20000-7f2491f21000 rw-p 0000d000 fd:01 20710075                   /lib/x86_64-linux-gnu/libnss_nis-2.31.so
7f2491f21000-7f2491f23000 r--p 00000000 fd:01 20710067                   /lib/x86_64-linux-gnu/libnss_compat-2.31.so
7f2491f23000-7f2491f2a000 r-xp 00002000 fd:01 20710067                   /lib/x86_64-linux-gnu/libnss_compat-2.31.so
7f2491f2a000-7f2491f2b000 r--p 00009000 fd:01 20710067                   /lib/x86_64-linux-gnu/libnss_compat-2.31.so
7f2491f2b000-7f2491f2c000 r--p 00009000 fd:01 20710067                   /lib/x86_64-linux-gnu/libnss_compat-2.31.so
7f2491f2c000-7f2491f2d000 rw-p 0000a000 fd:01 20710067                   /lib/x86_64-linux-gnu/libnss_compat-2.31.so
7f2491f2d000-7f2491f2e000 rw-p 00000000 00:00 0 
7f2491f2e000-7f2491f2f000 r--p 00000000 fd:01 20709965                   /lib/x86_64-linux-gnu/ld-2.31.so
7f2491f2f000-7f2491f52000 r-xp 00001000 fd:01 20709965                   /lib/x86_64-linux-gnu/ld-2.31.so
7f2491f52000-7f2491f5a000 r--p 00024000 fd:01 20709965                   /lib/x86_64-linux-gnu/ld-2.31.so
7f2491f5a000-7f2491f5b000 r--p 00000000 00:00 0 
7f2491f5b000-7f2491f5c000 r--p 0002c000 fd:01 20709965                   /lib/x86_64-linux-gnu/ld-2.31.so
7f2491f5c000-7f2491f5d000 rw-p 0002d000 fd:01 20709965                   /lib/x86_64-linux-gnu/ld-2.31.so
7f2491f5d000-7f2491f5e000 rw-p 00000000 00:00 0 
7ffc5195c000-7ffc5197d000 rw-p 00000000 00:00 0                          [stack]
7ffc519d9000-7ffc519dc000 r--p 00000000 00:00 0                          [vvar]
7ffc519dc000-7ffc519de000 r-xp 00000000 00:00 0                          [vdso]
ffffffffff600000-ffffffffff601000 r-xp 00000000 00:00 0                  [vsyscall]

VM Arguments:
jvm_args: -Dfile.encoding=UTF-8 -Dhttp.port=8950 -Dapplication.router=testOnlyDoNotUseInAppConf.Routes -Xms1024m -Xmx1024m -Xss4M -XX:ReservedCodeCacheSize=128m 
java_command: /usr/share/sbt/bin/sbt-launch.jar run
java_class_path (initial): /usr/share/sbt/bin/sbt-launch.jar
Launcher Type: SUN_STANDARD

Environment Variables:
JAVA_HOME=/usr/lib/jvm/jdk1.8.0_202/
PATH=/home/ddcwls/.local/bin:/usr/local/sbin:/usr/local/bin:/usr/sbin:/usr/bin:/sbin:/bin:/usr/games:/usr/local/games:/snap/bin
USERNAME=ddcwls
SHELL=/bin/bash
DISPLAY=:0

Signal Handlers:
SIGSEGV: [libjvm.so+0xad3ce0], sa_mask[0]=11111111011111111101111111111110, sa_flags=SA_RESTART|SA_SIGINFO
SIGBUS: [libjvm.so+0xad3ce0], sa_mask[0]=11111111011111111101111111111110, sa_flags=SA_RESTART|SA_SIGINFO
SIGFPE: [libjvm.so+0x90b820], sa_mask[0]=11111111011111111101111111111110, sa_flags=SA_RESTART|SA_SIGINFO
SIGPIPE: [libjvm.so+0x90b820], sa_mask[0]=11111111011111111101111111111110, sa_flags=SA_RESTART|SA_SIGINFO
SIGXFSZ: [libjvm.so+0x90b820], sa_mask[0]=11111111011111111101111111111110, sa_flags=SA_RESTART|SA_SIGINFO
SIGILL: [libjvm.so+0x90b820], sa_mask[0]=11111111011111111101111111111110, sa_flags=SA_RESTART|SA_SIGINFO
SIGUSR1: SIG_DFL, sa_mask[0]=00000000000000000000000000000000, sa_flags=none
SIGUSR2: [libjvm.so+0x90b6f0], sa_mask[0]=00000000000000000000000000000000, sa_flags=SA_RESTART|SA_SIGINFO
SIGHUP: SIG_DFL, sa_mask[0]=00000000000000000000000000000000, sa_flags=none
SIGINT: SIG_DFL, sa_mask[0]=00000000000000000000000000000000, sa_flags=none
SIGTERM: SIG_DFL, sa_mask[0]=00000000000000000000000000000000, sa_flags=none
SIGQUIT: SIG_DFL, sa_mask[0]=00000000000000000000000000000000, sa_flags=none


---------------  S Y S T E M  ---------------

OS:DISTRIB_ID=Ubuntu
DISTRIB_RELEASE=20.04
DISTRIB_CODENAME=focal
DISTRIB_DESCRIPTION="Ubuntu 20.04.3 LTS"

uname:Linux 4.15.0-135-generic #139-Ubuntu SMP Mon Jan 18 17:38:24 UTC 2021 x86_64
libc:glibc 2.31 NPTL 2.31 
rlimit: STACK 8192k, CORE 0k, NPROC 61807, NOFILE 1048576, AS infinity
load average:6.58 5.31 4.79

/proc/meminfo:
MemTotal:       16237464 kB
MemFree:          170740 kB
MemAvailable:     157864 kB
Buffers:           15548 kB
Cached:          1286244 kB
SwapCached:        12952 kB
Active:         13491912 kB
Inactive:        1930056 kB
Active(anon):   13409580 kB
Inactive(anon):  1828516 kB
Active(file):      82332 kB
Inactive(file):   101540 kB
Unevictable:         112 kB
Mlocked:             112 kB
SwapTotal:       1003516 kB
SwapFree:              4 kB
Dirty:              1832 kB
Writeback:            72 kB
AnonPages:      14108876 kB
Mapped:           488200 kB
Shmem:           1116496 kB
Slab:             352452 kB
SReclaimable:     129988 kB
SUnreclaim:       222464 kB
KernelStack:       29520 kB
PageTables:        94972 kB
NFS_Unstable:          0 kB
Bounce:                0 kB
WritebackTmp:          0 kB
CommitLimit:     9122248 kB
Committed_AS:   31375116 kB
VmallocTotal:   34359738367 kB
VmallocUsed:           0 kB
VmallocChunk:          0 kB
HardwareCorrupted:     0 kB
AnonHugePages:         0 kB
ShmemHugePages:        0 kB
ShmemPmdMapped:        0 kB
CmaTotal:              0 kB
CmaFree:               0 kB
HugePages_Total:       0
HugePages_Free:        0
HugePages_Rsvd:        0
HugePages_Surp:        0
Hugepagesize:       2048 kB
DirectMap4k:      687192 kB
DirectMap2M:    10661888 kB
DirectMap1G:     5242880 kB

container (cgroup) information:
container_type: cgroupv1
cpu_cpuset_cpus: 0-7
cpu_memory_nodes: 0
active_processor_count: 8
cpu_quota: -1
cpu_period: 100000
cpu_shares: -1
memory_limit_in_bytes: -1
memory_and_swap_limit_in_bytes: -2
memory_soft_limit_in_bytes: -1
memory_usage_in_bytes: 15642783744
memory_max_usage_in_bytes: 15653982208


CPU:total 8 (initial active 8) (4 cores per cpu, 2 threads per core) family 6 model 94 stepping 3, cmov, cx8, fxsr, mmx, sse, sse2, sse3, ssse3, sse4.1, sse4.2, popcnt, avx, avx2, aes, clmul, erms, rtm, 3dnowpref, lzcnt, ht, tsc, tscinvbit, bmi1, bmi2, adx

/proc/cpuinfo:
processor	: 0
vendor_id	: GenuineIntel
cpu family	: 6
model		: 94
model name	: Intel(R) Core(TM) i7-6700HQ CPU @ 2.60GHz
stepping	: 3
microcode	: 0xea
cpu MHz		: 3103.933
cache size	: 6144 KB
physical id	: 0
siblings	: 8
core id		: 0
cpu cores	: 4
apicid		: 0
initial apicid	: 0
fpu		: yes
fpu_exception	: yes
cpuid level	: 22
wp		: yes
flags		: fpu vme de pse tsc msr pae mce cx8 apic sep mtrr pge mca cmov pat pse36 clflush dts acpi mmx fxsr sse sse2 ss ht tm pbe syscall nx pdpe1gb rdtscp lm constant_tsc art arch_perfmon pebs bts rep_good nopl xtopology nonstop_tsc cpuid aperfmperf pni pclmulqdq dtes64 monitor ds_cpl vmx est tm2 ssse3 sdbg fma cx16 xtpr pdcm pcid sse4_1 sse4_2 x2apic movbe popcnt tsc_deadline_timer aes xsave avx f16c rdrand lahf_lm abm 3dnowprefetch cpuid_fault epb invpcid_single pti ssbd ibrs ibpb stibp tpr_shadow vnmi flexpriority ept vpid fsgsbase tsc_adjust bmi1 hle avx2 smep bmi2 erms invpcid rtm mpx rdseed adx smap clflushopt intel_pt xsaveopt xsavec xgetbv1 xsaves dtherm ida arat pln pts hwp hwp_notify hwp_act_window hwp_epp md_clear flush_l1d
bugs		: cpu_meltdown spectre_v1 spectre_v2 spec_store_bypass l1tf mds swapgs taa itlb_multihit srbds
bogomips	: 5199.98
clflush size	: 64
cache_alignment	: 64
address sizes	: 39 bits physical, 48 bits virtual
power management:

processor	: 1
vendor_id	: GenuineIntel
cpu family	: 6
model		: 94
model name	: Intel(R) Core(TM) i7-6700HQ CPU @ 2.60GHz
stepping	: 3
microcode	: 0xea
cpu MHz		: 3099.993
cache size	: 6144 KB
physical id	: 0
siblings	: 8
core id		: 1
cpu cores	: 4
apicid		: 2
initial apicid	: 2
fpu		: yes
fpu_exception	: yes
cpuid level	: 22
wp		: yes
flags		: fpu vme de pse tsc msr pae mce cx8 apic sep mtrr pge mca cmov pat pse36 clflush dts acpi mmx fxsr sse sse2 ss ht tm pbe syscall nx pdpe1gb rdtscp lm constant_tsc art arch_perfmon pebs bts rep_good nopl xtopology nonstop_tsc cpuid aperfmperf pni pclmulqdq dtes64 monitor ds_cpl vmx est tm2 ssse3 sdbg fma cx16 xtpr pdcm pcid sse4_1 sse4_2 x2apic movbe popcnt tsc_deadline_timer aes xsave avx f16c rdrand lahf_lm abm 3dnowprefetch cpuid_fault epb invpcid_single pti ssbd ibrs ibpb stibp tpr_shadow vnmi flexpriority ept vpid fsgsbase tsc_adjust bmi1 hle avx2 smep bmi2 erms invpcid rtm mpx rdseed adx smap clflushopt intel_pt xsaveopt xsavec xgetbv1 xsaves dtherm ida arat pln pts hwp hwp_notify hwp_act_window hwp_epp md_clear flush_l1d
bugs		: cpu_meltdown spectre_v1 spectre_v2 spec_store_bypass l1tf mds swapgs taa itlb_multihit srbds
bogomips	: 5199.98
clflush size	: 64
cache_alignment	: 64
address sizes	: 39 bits physical, 48 bits virtual
power management:

processor	: 2
vendor_id	: GenuineIntel
cpu family	: 6
model		: 94
model name	: Intel(R) Core(TM) i7-6700HQ CPU @ 2.60GHz
stepping	: 3
microcode	: 0xea
cpu MHz		: 3100.200
cache size	: 6144 KB
physical id	: 0
siblings	: 8
core id		: 2
cpu cores	: 4
apicid		: 4
initial apicid	: 4
fpu		: yes
fpu_exception	: yes
cpuid level	: 22
wp		: yes
flags		: fpu vme de pse tsc msr pae mce cx8 apic sep mtrr pge mca cmov pat pse36 clflush dts acpi mmx fxsr sse sse2 ss ht tm pbe syscall nx pdpe1gb rdtscp lm constant_tsc art arch_perfmon pebs bts rep_good nopl xtopology nonstop_tsc cpuid aperfmperf pni pclmulqdq dtes64 monitor ds_cpl vmx est tm2 ssse3 sdbg fma cx16 xtpr pdcm pcid sse4_1 sse4_2 x2apic movbe popcnt tsc_deadline_timer aes xsave avx f16c rdrand lahf_lm abm 3dnowprefetch cpuid_fault epb invpcid_single pti ssbd ibrs ibpb stibp tpr_shadow vnmi flexpriority ept vpid fsgsbase tsc_adjust bmi1 hle avx2 smep bmi2 erms invpcid rtm mpx rdseed adx smap clflushopt intel_pt xsaveopt xsavec xgetbv1 xsaves dtherm ida arat pln pts hwp hwp_notify hwp_act_window hwp_epp md_clear flush_l1d
bugs		: cpu_meltdown spectre_v1 spectre_v2 spec_store_bypass l1tf mds swapgs taa itlb_multihit srbds
bogomips	: 5199.98
clflush size	: 64
cache_alignment	: 64
address sizes	: 39 bits physical, 48 bits virtual
power management:

processor	: 3
vendor_id	: GenuineIntel
cpu family	: 6
model		: 94
model name	: Intel(R) Core(TM) i7-6700HQ CPU @ 2.60GHz
stepping	: 3
microcode	: 0xea
cpu MHz		: 3103.833
cache size	: 6144 KB
physical id	: 0
siblings	: 8
core id		: 3
cpu cores	: 4
apicid		: 6
initial apicid	: 6
fpu		: yes
fpu_exception	: yes
cpuid level	: 22
wp		: yes
flags		: fpu vme de pse tsc msr pae mce cx8 apic sep mtrr pge mca cmov pat pse36 clflush dts acpi mmx fxsr sse sse2 ss ht tm pbe syscall nx pdpe1gb rdtscp lm constant_tsc art arch_perfmon pebs bts rep_good nopl xtopology nonstop_tsc cpuid aperfmperf pni pclmulqdq dtes64 monitor ds_cpl vmx est tm2 ssse3 sdbg fma cx16 xtpr pdcm pcid sse4_1 sse4_2 x2apic movbe popcnt tsc_deadline_timer aes xsave avx f16c rdrand lahf_lm abm 3dnowprefetch cpuid_fault epb invpcid_single pti ssbd ibrs ibpb stibp tpr_shadow vnmi flexpriority ept vpid fsgsbase tsc_adjust bmi1 hle avx2 smep bmi2 erms invpcid rtm mpx rdseed adx smap clflushopt intel_pt xsaveopt xsavec xgetbv1 xsaves dtherm ida arat pln pts hwp hwp_notify hwp_act_window hwp_epp md_clear flush_l1d
bugs		: cpu_meltdown spectre_v1 spectre_v2 spec_store_bypass l1tf mds swapgs taa itlb_multihit srbds
bogomips	: 5199.98
clflush size	: 64
cache_alignment	: 64
address sizes	: 39 bits physical, 48 bits virtual
power management:

processor	: 4
vendor_id	: GenuineIntel
cpu family	: 6
model		: 94
model name	: Intel(R) Core(TM) i7-6700HQ CPU @ 2.60GHz
stepping	: 3
microcode	: 0xea
cpu MHz		: 3106.819
cache size	: 6144 KB
physical id	: 0
siblings	: 8
core id		: 0
cpu cores	: 4
apicid		: 1
initial apicid	: 1
fpu		: yes
fpu_exception	: yes
cpuid level	: 22
wp		: yes
flags		: fpu vme de pse tsc msr pae mce cx8 apic sep mtrr pge mca cmov pat pse36 clflush dts acpi mmx fxsr sse sse2 ss ht tm pbe syscall nx pdpe1gb rdtscp lm constant_tsc art arch_perfmon pebs bts rep_good nopl xtopology nonstop_tsc cpuid aperfmperf pni pclmulqdq dtes64 monitor ds_cpl vmx est tm2 ssse3 sdbg fma cx16 xtpr pdcm pcid sse4_1 sse4_2 x2apic movbe popcnt tsc_deadline_timer aes xsave avx f16c rdrand lahf_lm abm 3dnowprefetch cpuid_fault epb invpcid_single pti ssbd ibrs ibpb stibp tpr_shadow vnmi flexpriority ept vpid fsgsbase tsc_adjust bmi1 hle avx2 smep bmi2 erms invpcid rtm mpx rdseed adx smap clflushopt intel_pt xsaveopt xsavec xgetbv1 xsaves dtherm ida arat pln pts hwp hwp_notify hwp_act_window hwp_epp md_clear flush_l1d
bugs		: cpu_meltdown spectre_v1 spectre_v2 spec_store_bypass l1tf mds swapgs taa itlb_multihit srbds
bogomips	: 5199.98
clflush size	: 64
cache_alignment	: 64
address sizes	: 39 bits physical, 48 bits virtual
power management:

processor	: 5
vendor_id	: GenuineIntel
cpu family	: 6
model		: 94
model name	: Intel(R) Core(TM) i7-6700HQ CPU @ 2.60GHz
stepping	: 3
microcode	: 0xea
cpu MHz		: 3099.998
cache size	: 6144 KB
physical id	: 0
siblings	: 8
core id		: 1
cpu cores	: 4
apicid		: 3
initial apicid	: 3
fpu		: yes
fpu_exception	: yes
cpuid level	: 22
wp		: yes
flags		: fpu vme de pse tsc msr pae mce cx8 apic sep mtrr pge mca cmov pat pse36 clflush dts acpi mmx fxsr sse sse2 ss ht tm pbe syscall nx pdpe1gb rdtscp lm constant_tsc art arch_perfmon pebs bts rep_good nopl xtopology nonstop_tsc cpuid aperfmperf pni pclmulqdq dtes64 monitor ds_cpl vmx est tm2 ssse3 sdbg fma cx16 xtpr pdcm pcid sse4_1 sse4_2 x2apic movbe popcnt tsc_deadline_timer aes xsave avx f16c rdrand lahf_lm abm 3dnowprefetch cpuid_fault epb invpcid_single pti ssbd ibrs ibpb stibp tpr_shadow vnmi flexpriority ept vpid fsgsbase tsc_adjust bmi1 hle avx2 smep bmi2 erms invpcid rtm mpx rdseed adx smap clflushopt intel_pt xsaveopt xsavec xgetbv1 xsaves dtherm ida arat pln pts hwp hwp_notify hwp_act_window hwp_epp md_clear flush_l1d
bugs		: cpu_meltdown spectre_v1 spectre_v2 spec_store_bypass l1tf mds swapgs taa itlb_multihit srbds
bogomips	: 5199.98
clflush size	: 64
cache_alignment	: 64
address sizes	: 39 bits physical, 48 bits virtual
power management:

processor	: 6
vendor_id	: GenuineIntel
cpu family	: 6
model		: 94
model name	: Intel(R) Core(TM) i7-6700HQ CPU @ 2.60GHz
stepping	: 3
microcode	: 0xea
cpu MHz		: 3103.741
cache size	: 6144 KB
physical id	: 0
siblings	: 8
core id		: 2
cpu cores	: 4
apicid		: 5
initial apicid	: 5
fpu		: yes
fpu_exception	: yes
cpuid level	: 22
wp		: yes
flags		: fpu vme de pse tsc msr pae mce cx8 apic sep mtrr pge mca cmov pat pse36 clflush dts acpi mmx fxsr sse sse2 ss ht tm pbe syscall nx pdpe1gb rdtscp lm constant_tsc art arch_perfmon pebs bts rep_good nopl xtopology nonstop_tsc cpuid aperfmperf pni pclmulqdq dtes64 monitor ds_cpl vmx est tm2 ssse3 sdbg fma cx16 xtpr pdcm pcid sse4_1 sse4_2 x2apic movbe popcnt tsc_deadline_timer aes xsave avx f16c rdrand lahf_lm abm 3dnowprefetch cpuid_fault epb invpcid_single pti ssbd ibrs ibpb stibp tpr_shadow vnmi flexpriority ept vpid fsgsbase tsc_adjust bmi1 hle avx2 smep bmi2 erms invpcid rtm mpx rdseed adx smap clflushopt intel_pt xsaveopt xsavec xgetbv1 xsaves dtherm ida arat pln pts hwp hwp_notify hwp_act_window hwp_epp md_clear flush_l1d
bugs		: cpu_meltdown spectre_v1 spectre_v2 spec_store_bypass l1tf mds swapgs taa itlb_multihit srbds
bogomips	: 5199.98
clflush size	: 64
cache_alignment	: 64
address sizes	: 39 bits physical, 48 bits virtual
power management:

processor	: 7
vendor_id	: GenuineIntel
cpu family	: 6
model		: 94
model name	: Intel(R) Core(TM) i7-6700HQ CPU @ 2.60GHz
stepping	: 3
microcode	: 0xea
cpu MHz		: 3105.960
cache size	: 6144 KB
physical id	: 0
siblings	: 8
core id		: 3
cpu cores	: 4
apicid		: 7
initial apicid	: 7
fpu		: yes
fpu_exception	: yes
cpuid level	: 22
wp		: yes
flags		: fpu vme de pse tsc msr pae mce cx8 apic sep mtrr pge mca cmov pat pse36 clflush dts acpi mmx fxsr sse sse2 ss ht tm pbe syscall nx pdpe1gb rdtscp lm constant_tsc art arch_perfmon pebs bts rep_good nopl xtopology nonstop_tsc cpuid aperfmperf pni pclmulqdq dtes64 monitor ds_cpl vmx est tm2 ssse3 sdbg fma cx16 xtpr pdcm pcid sse4_1 sse4_2 x2apic movbe popcnt tsc_deadline_timer aes xsave avx f16c rdrand lahf_lm abm 3dnowprefetch cpuid_fault epb invpcid_single pti ssbd ibrs ibpb stibp tpr_shadow vnmi flexpriority ept vpid fsgsbase tsc_adjust bmi1 hle avx2 smep bmi2 erms invpcid rtm mpx rdseed adx smap clflushopt intel_pt xsaveopt xsavec xgetbv1 xsaves dtherm ida arat pln pts hwp hwp_notify hwp_act_window hwp_epp md_clear flush_l1d
bugs		: cpu_meltdown spectre_v1 spectre_v2 spec_store_bypass l1tf mds swapgs taa itlb_multihit srbds
bogomips	: 5199.98
clflush size	: 64
cache_alignment	: 64
address sizes	: 39 bits physical, 48 bits virtual
power management:



Memory: 4k page, physical 16237464k(167640k free), swap 1003516k(4k free)

vm_info: Java HotSpot(TM) 64-Bit Server VM (25.202-b08) for linux-amd64 JRE (1.8.0_202-b08), built on Dec 15 2018 12:40:22 by "java_re" with gcc 7.3.0

time: Wed Oct  6 14:12:32 2021
timezone: BST
elapsed time: 0 seconds (0d 0h 0m 0s)

